app/build/outputs/logs/manifest-merger-debug-report.txt
-- Merging decision tree log ---
manifest
ADDED from src\main\AndroidManifest.xml:2:1-189:12
	package
		ADDED from src\main\AndroidManifest.xml:3:5-28
		INJECTED from src\main\AndroidManifest.xml
		INJECTED from src\main\AndroidManifest.xml
	android:versionName
		ADDED from src\main\AndroidManifest.xml:5:5-30
		INJECTED from src\main\AndroidManifest.xml
		INJECTED from src\main\AndroidManifest.xml
	android:versionCode
		ADDED from src\main\AndroidManifest.xml:4:5-28
		INJECTED from src\main\AndroidManifest.xml
		INJECTED from src\main\AndroidManifest.xml
	xmlns:android
		ADDED from src\main\AndroidManifest.xml:2:11-69
uses-sdk
ADDED from src\main\AndroidManifest.xml:6:5-8:41
MERGED from [com.android.support:support-v4:20.0.0] AndroidManifest.xml:16:5-42
	android:targetSdkVersion
		ADDED from src\main\AndroidManifest.xml:8:9-38
		INJECTED from src\main\AndroidManifest.xml
		INJECTED from src\main\AndroidManifest.xml
	android:minSdkVersion
		ADDED from src\main\AndroidManifest.xml:7:9-35
		INJECTED from src\main\AndroidManifest.xml
		INJECTED from src\main\AndroidManifest.xml
uses-permission#android.permission.BLUETOOTH
ADDED from src\main\AndroidManifest.xml:10:5-67
	android:name
		ADDED from src\main\AndroidManifest.xml:10:22-65
uses-permission#android.permission.DISABLE_KEYGUARD
ADDED from src\main\AndroidManifest.xml:11:5-74
	android:name
		ADDED from src\main\AndroidManifest.xml:11:22-72
uses-permission#android.permission.GET_PACKAGE_SIZE
ADDED from src\main\AndroidManifest.xml:12:5-74
	android:name
		ADDED from src\main\AndroidManifest.xml:12:22-72
uses-permission#android.permission.ACCESS_WIFI_STATE
ADDED from src\main\AndroidManifest.xml:14:5-75
	android:name
		ADDED from src\main\AndroidManifest.xml:14:22-73
uses-permission#android.permission.CHANGE_WIFI_STATE
ADDED from src\main\AndroidManifest.xml:15:5-75
	android:name
		ADDED from src\main\AndroidManifest.xml:15:22-73
uses-permission#android.permission.CHANGE_WIFI_MULTICAST_STATE
ADDED from src\main\AndroidManifest.xml:16:5-85
	android:name
		ADDED from src\main\AndroidManifest.xml:16:22-83
uses-permission#android.permission.READ_WIFI_CREDENTIAL
ADDED from src\main\AndroidManifest.xml:17:5-78
	android:name
		ADDED from src\main\AndroidManifest.xml:17:22-76
uses-permission#android.permission.MODIFY_AUDIO_SETTINGS
ADDED from src\main\AndroidManifest.xml:19:5-79
	android:name
		ADDED from src\main\AndroidManifest.xml:19:22-77
uses-permission#android.permission.MODIFY_NETWORK_ACCOUNTING
ADDED from src\main\AndroidManifest.xml:20:5-83
	android:name
		ADDED from src\main\AndroidManifest.xml:20:22-81
uses-permission#android.permission.ACCESS_CHECKIN_PROPERTIES
ADDED from src\main\AndroidManifest.xml:22:5-83
	android:name
		ADDED from src\main\AndroidManifest.xml:22:22-81
uses-permission#android.permission.ACCESS_COARSE_LOCATION
ADDED from src\main\AndroidManifest.xml:23:5-80
	android:name
		ADDED from src\main\AndroidManifest.xml:23:22-78
uses-permission#android.permission.ACCESS_FINE_LOCATION
ADDED from src\main\AndroidManifest.xml:24:5-78
	android:name
		ADDED from src\main\AndroidManifest.xml:24:22-76
uses-permission#android.permission.ACCESS_LOCATION_EXTRA_COMMANDS
ADDED from src\main\AndroidManifest.xml:25:5-88
	android:name
		ADDED from src\main\AndroidManifest.xml:25:22-86
uses-permission#android.permission.ACCESS_NETWORK_STATE
ADDED from src\main\AndroidManifest.xml:26:5-78
	android:name
		ADDED from src\main\AndroidManifest.xml:26:22-76
uses-permission#android.permission.ACCESS_SURFACE_FLINGER
ADDED from src\main\AndroidManifest.xml:27:5-80
	android:name
		ADDED from src\main\AndroidManifest.xml:27:22-78
uses-permission#android.permission.ADD_SYSTEM_SERVICE
ADDED from src\main\AndroidManifest.xml:29:5-76
	android:name
		ADDED from src\main\AndroidManifest.xml:29:22-74
uses-permission#android.permission.ACCOUNT_MANAGER
ADDED from src\main\AndroidManifest.xml:30:5-73
	android:name
		ADDED from src\main\AndroidManifest.xml:30:22-71
uses-permission#android.permission.AUTHENTICATE_ACCOUNTS
ADDED from src\main\AndroidManifest.xml:31:5-79
	android:name
		ADDED from src\main\AndroidManifest.xml:31:22-77
uses-permission#android.permission.BATTERY_STATS
ADDED from src\main\AndroidManifest.xml:33:5-71
	android:name
		ADDED from src\main\AndroidManifest.xml:33:22-69
uses-permission#android.permission.BIND_ACCESSIBILITY_SERVICE
ADDED from src\main\AndroidManifest.xml:34:5-84
	android:name
		ADDED from src\main\AndroidManifest.xml:34:22-82
uses-permission#android.permission.BIND_APPWIDGET
ADDED from src\main\AndroidManifest.xml:35:5-72
	android:name
		ADDED from src\main\AndroidManifest.xml:35:22-70
uses-permission#android.permission.BIND_DEVICE_ADMIN
ADDED from src\main\AndroidManifest.xml:36:5-75
	android:name
		ADDED from src\main\AndroidManifest.xml:36:22-73
uses-permission#android.permission.BIND_INPUT_METHOD
ADDED from src\main\AndroidManifest.xml:37:5-75
	android:name
		ADDED from src\main\AndroidManifest.xml:37:22-73
uses-permission#android.permission.BIND_NOTIFICATION_LISTENER_SERVICE
ADDED from src\main\AndroidManifest.xml:38:5-92
	android:name
		ADDED from src\main\AndroidManifest.xml:38:22-90
uses-permission#android.permission.BIND_REMOTEVIEWS
ADDED from src\main\AndroidManifest.xml:39:5-74
	android:name
		ADDED from src\main\AndroidManifest.xml:39:22-72
uses-permission#android.permission.BIND_TEXT_SERVICE
ADDED from src\main\AndroidManifest.xml:40:5-75
	android:name
		ADDED from src\main\AndroidManifest.xml:40:22-73
uses-permission#android.permission.BIND_VPN_SERVICE
ADDED from src\main\AndroidManifest.xml:41:5-74
	android:name
		ADDED from src\main\AndroidManifest.xml:41:22-72
uses-permission#android.permission.BIND_WALLPAPER
ADDED from src\main\AndroidManifest.xml:42:5-72
	android:name
		ADDED from src\main\AndroidManifest.xml:42:22-70
uses-permission#android.permission.BLUETOOTH_ADMIN
ADDED from src\main\AndroidManifest.xml:44:5-73
	android:name
		ADDED from src\main\AndroidManifest.xml:44:22-71
uses-permission#android.permission.BRICK
ADDED from src\main\AndroidManifest.xml:45:5-63
	android:name
		ADDED from src\main\AndroidManifest.xml:45:22-61
uses-permission#android.permission.BROADCAST_PACKAGE_REMOVED
ADDED from src\main\AndroidManifest.xml:46:5-83
	android:name
		ADDED from src\main\AndroidManifest.xml:46:22-81
uses-permission#android.permission.BROADCAST_SMS
ADDED from src\main\AndroidManifest.xml:47:5-71
	android:name
		ADDED from src\main\AndroidManifest.xml:47:22-69
uses-permission#android.permission.BROADCAST_STICKY
ADDED from src\main\AndroidManifest.xml:48:5-74
	android:name
		ADDED from src\main\AndroidManifest.xml:48:22-72
uses-permission#android.permission.BROADCAST_WAP_PUSH
ADDED from src\main\AndroidManifest.xml:49:5-76
	android:name
		ADDED from src\main\AndroidManifest.xml:49:22-74
uses-permission#android.permission.CALL_PHONE
ADDED from src\main\AndroidManifest.xml:51:5-68
	android:name
		ADDED from src\main\AndroidManifest.xml:51:22-66
uses-permission#android.permission.CALL_PRIVILEGED
ADDED from src\main\AndroidManifest.xml:52:5-73
	android:name
		ADDED from src\main\AndroidManifest.xml:52:22-71
uses-permission#android.permission.CAMERA
ADDED from src\main\AndroidManifest.xml:53:5-64
	android:name
		ADDED from src\main\AndroidManifest.xml:53:22-62
uses-permission#android.permission.CHANGE_COMPONENT_ENABLED_STATE
ADDED from src\main\AndroidManifest.xml:54:5-88
	android:name
		ADDED from src\main\AndroidManifest.xml:54:22-86
uses-permission#android.permission.CHANGE_CONFIGURATION
ADDED from src\main\AndroidManifest.xml:55:5-78
	android:name
		ADDED from src\main\AndroidManifest.xml:55:22-76
uses-permission#android.permission.CHANGE_NETWORK_STATE
ADDED from src\main\AndroidManifest.xml:56:5-78
	android:name
		ADDED from src\main\AndroidManifest.xml:56:22-76
uses-permission#android.permission.CLEAR_APP_CACHE
ADDED from src\main\AndroidManifest.xml:59:5-73
	android:name
		ADDED from src\main\AndroidManifest.xml:59:22-71
uses-permission#android.permission.CLEAR_APP_USER_DATA
ADDED from src\main\AndroidManifest.xml:60:5-77
	android:name
		ADDED from src\main\AndroidManifest.xml:60:22-75
uses-permission#android.permission.CONTROL_LOCATION_UPDATES
ADDED from src\main\AndroidManifest.xml:61:5-82
	android:name
		ADDED from src\main\AndroidManifest.xml:61:22-80
uses-permission#android.permission.DELETE_CACHE_FILES
ADDED from src\main\AndroidManifest.xml:63:5-76
	android:name
		ADDED from src\main\AndroidManifest.xml:63:22-74
uses-permission#android.permission.DELETE_PACKAGES
ADDED from src\main\AndroidManifest.xml:64:5-73
	android:name
		ADDED from src\main\AndroidManifest.xml:64:22-71
uses-permission#android.permission.DEVICE_POWER
ADDED from src\main\AndroidManifest.xml:65:5-70
	android:name
		ADDED from src\main\AndroidManifest.xml:65:22-68
uses-permission#android.permission.DIAGNOSTIC
ADDED from src\main\AndroidManifest.xml:66:5-68
	android:name
		ADDED from src\main\AndroidManifest.xml:66:22-66
uses-permission#android.permission.DUMP
ADDED from src\main\AndroidManifest.xml:68:5-62
	android:name
		ADDED from src\main\AndroidManifest.xml:68:22-60
uses-permission#android.permission.EXPAND_STATUS_BAR
ADDED from src\main\AndroidManifest.xml:70:5-75
	android:name
		ADDED from src\main\AndroidManifest.xml:70:22-73
uses-permission#android.permission.FACTORY_TEST
ADDED from src\main\AndroidManifest.xml:72:5-70
	android:name
		ADDED from src\main\AndroidManifest.xml:72:22-68
uses-permission#android.permission.FLASHLIGHT
ADDED from src\main\AndroidManifest.xml:73:5-68
	android:name
		ADDED from src\main\AndroidManifest.xml:73:22-66
uses-permission#android.permission.FORCE_BACK
ADDED from src\main\AndroidManifest.xml:74:5-68
	android:name
		ADDED from src\main\AndroidManifest.xml:74:22-66
uses-permission#android.permission.FOTA_UPDATE
ADDED from src\main\AndroidManifest.xml:75:5-69
	android:name
		ADDED from src\main\AndroidManifest.xml:75:22-67
uses-permission#android.permission.GET_ACCOUNTS
ADDED from src\main\AndroidManifest.xml:77:5-70
	android:name
		ADDED from src\main\AndroidManifest.xml:77:22-68
uses-permission#android.permission.GET_TASKS
ADDED from src\main\AndroidManifest.xml:79:5-67
	android:name
		ADDED from src\main\AndroidManifest.xml:79:22-65
uses-permission#android.permission.GET_TOP_ACTIVITY_INFO
ADDED from src\main\AndroidManifest.xml:80:5-79
	android:name
		ADDED from src\main\AndroidManifest.xml:80:22-77
uses-permission#android.permission.GLOBAL_SEARCH
ADDED from src\main\AndroidManifest.xml:81:5-71
	android:name
		ADDED from src\main\AndroidManifest.xml:81:22-69
uses-permission#android.permission.HARDWARE_TEST
ADDED from src\main\AndroidManifest.xml:83:5-71
	android:name
		ADDED from src\main\AndroidManifest.xml:83:22-69
uses-permission#android.permission.INJECT_EVENTS
ADDED from src\main\AndroidManifest.xml:85:5-71
	android:name
		ADDED from src\main\AndroidManifest.xml:85:22-69
uses-permission#android.permission.INSTALL_LOCATION_PROVIDER
ADDED from src\main\AndroidManifest.xml:86:5-83
	android:name
		ADDED from src\main\AndroidManifest.xml:86:22-81
uses-permission#android.permission.INSTALL_PACKAGES
ADDED from src\main\AndroidManifest.xml:87:5-74
	android:name
		ADDED from src\main\AndroidManifest.xml:87:22-72
uses-permission#android.permission.INTERNAL_SYSTEM_WINDOW
ADDED from src\main\AndroidManifest.xml:88:5-80
	android:name
		ADDED from src\main\AndroidManifest.xml:88:22-78
uses-permission#android.permission.INTERNET
ADDED from src\main\AndroidManifest.xml:89:5-66
	android:name
		ADDED from src\main\AndroidManifest.xml:89:22-64
uses-permission#android.permission.KILL_BACKGROUND_PROCESSES
ADDED from src\main\AndroidManifest.xml:91:5-83
	android:name
		ADDED from src\main\AndroidManifest.xml:91:22-81
uses-permission#android.permission.LOCATION_HARDWARE
ADDED from src\main\AndroidManifest.xml:93:5-75
	android:name
		ADDED from src\main\AndroidManifest.xml:93:22-73
uses-permission#android.permission.MANAGE_ACCOUNTS
ADDED from src\main\AndroidManifest.xml:95:5-73
	android:name
		ADDED from src\main\AndroidManifest.xml:95:22-71
uses-permission#android.permission.MANAGE_APP_TOKENS
ADDED from src\main\AndroidManifest.xml:96:5-75
	android:name
		ADDED from src\main\AndroidManifest.xml:96:22-73
uses-permission#android.permission.MASTER_CLEAR
ADDED from src\main\AndroidManifest.xml:97:5-70
	android:name
		ADDED from src\main\AndroidManifest.xml:97:22-68
uses-permission#android.permission.MODIFY_PHONE_STATE
ADDED from src\main\AndroidManifest.xml:99:5-76
	android:name
		ADDED from src\main\AndroidManifest.xml:99:22-74
uses-permission#android.permission.MOUNT_FORMAT_FILESYSTEMS
ADDED from src\main\AndroidManifest.xml:100:5-82
	android:name
		ADDED from src\main\AndroidManifest.xml:100:22-80
uses-permission#android.permission.MOUNT_UNMOUNT_FILESYSTEMS
ADDED from src\main\AndroidManifest.xml:101:5-83
	android:name
		ADDED from src\main\AndroidManifest.xml:101:22-81
uses-permission#android.permission.NFC
ADDED from src\main\AndroidManifest.xml:103:5-61
	android:name
		ADDED from src\main\AndroidManifest.xml:103:22-59
uses-permission#android.permission.PERSISTENT_ACTIVITY
ADDED from src\main\AndroidManifest.xml:105:5-77
	android:name
		ADDED from src\main\AndroidManifest.xml:105:22-75
uses-permission#android.permission.PROCESS_OUTGOING_CALLS
ADDED from src\main\AndroidManifest.xml:106:5-80
	android:name
		ADDED from src\main\AndroidManifest.xml:106:22-78
uses-permission#android.permission.READ_CALENDAR
ADDED from src\main\AndroidManifest.xml:108:5-71
	android:name
		ADDED from src\main\AndroidManifest.xml:108:22-69
uses-permission#android.permission.READ_CALL_LOG
ADDED from src\main\AndroidManifest.xml:109:5-71
	android:name
		ADDED from src\main\AndroidManifest.xml:109:22-69
uses-permission#android.permission.READ_CONTACTS
ADDED from src\main\AndroidManifest.xml:110:5-71
	android:name
		ADDED from src\main\AndroidManifest.xml:110:22-69
uses-permission#android.permission.READ_EXTERNAL_STORAGE
ADDED from src\main\AndroidManifest.xml:111:5-79
	android:name
		ADDED from src\main\AndroidManifest.xml:111:22-77
uses-permission#android.permission.READ_FRAME_BUFFER
ADDED from src\main\AndroidManifest.xml:112:5-75
	android:name
		ADDED from src\main\AndroidManifest.xml:112:22-73
uses-permission#android.permission.READ_INPUT_STATE
ADDED from src\main\AndroidManifest.xml:113:5-74
	android:name
		ADDED from src\main\AndroidManifest.xml:113:22-72
uses-permission#android.permission.READ_LOGS
ADDED from src\main\AndroidManifest.xml:114:5-67
	android:name
		ADDED from src\main\AndroidManifest.xml:114:22-65
uses-permission#android.permission.READ_PHONE_STATE
ADDED from src\main\AndroidManifest.xml:115:5-74
	android:name
		ADDED from src\main\AndroidManifest.xml:115:22-72
uses-permission#android.permission.READ_PROFILE
ADDED from src\main\AndroidManifest.xml:116:5-70
	android:name
		ADDED from src\main\AndroidManifest.xml:116:22-68
uses-permission#android.permission.READ_OWNER_DATA
ADDED from src\main\AndroidManifest.xml:117:5-73
	android:name
		ADDED from src\main\AndroidManifest.xml:117:22-71
uses-permission#android.permission.READ_SMS
ADDED from src\main\AndroidManifest.xml:118:5-66
	android:name
		ADDED from src\main\AndroidManifest.xml:118:22-64
uses-permission#android.permission.READ_SOCIAL_STREAM
ADDED from src\main\AndroidManifest.xml:119:5-76
	android:name
		ADDED from src\main\AndroidManifest.xml:119:22-74
uses-permission#android.permission.READ_SYNC_SETTINGS
ADDED from src\main\AndroidManifest.xml:120:5-76
	android:name
		ADDED from src\main\AndroidManifest.xml:120:22-74
uses-permission#android.permission.READ_SYNC_STATS
ADDED from src\main\AndroidManifest.xml:121:5-73
	android:name
		ADDED from src\main\AndroidManifest.xml:121:22-71
uses-permission#android.permission.READ_USER_DICTIONARY
ADDED from src\main\AndroidManifest.xml:122:5-78
	android:name
		ADDED from src\main\AndroidManifest.xml:122:22-76
uses-permission#android.permission.REBOOT
ADDED from src\main\AndroidManifest.xml:123:5-64
	android:name
		ADDED from src\main\AndroidManifest.xml:123:22-62
uses-permission#android.permission.RECEIVE_BOOT_COMPLETED
ADDED from src\main\AndroidManifest.xml:124:5-80
	android:name
		ADDED from src\main\AndroidManifest.xml:124:22-78
uses-permission#android.permission.RECEIVE_MMS
ADDED from src\main\AndroidManifest.xml:125:5-69
	android:name
		ADDED from src\main\AndroidManifest.xml:125:22-67
uses-permission#android.permission.RECEIVE_SMS
ADDED from src\main\AndroidManifest.xml:126:5-69
	android:name
		ADDED from src\main\AndroidManifest.xml:126:22-67
uses-permission#android.permission.RECEIVE_WAP_PUSH
ADDED from src\main\AndroidManifest.xml:127:5-74
	android:name
		ADDED from src\main\AndroidManifest.xml:127:22-72
uses-permission#android.permission.RECORD_AUDIO
ADDED from src\main\AndroidManifest.xml:128:5-70
	android:name
		ADDED from src\main\AndroidManifest.xml:128:22-68
uses-permission#android.permission.REORDER_TASKS
ADDED from src\main\AndroidManifest.xml:129:5-71
	android:name
		ADDED from src\main\AndroidManifest.xml:129:22-69
uses-permission#android.permission.RESTART_PACKAGES
ADDED from src\main\AndroidManifest.xml:130:5-74
	android:name
		ADDED from src\main\AndroidManifest.xml:130:22-72
uses-permission#android.permission.SEND_RESPOND_VIA_MESSAGE
ADDED from src\main\AndroidManifest.xml:132:5-82
	android:name
		ADDED from src\main\AndroidManifest.xml:132:22-80
uses-permission#android.permission.SEND_SMS
ADDED from src\main\AndroidManifest.xml:133:5-66
	android:name
		ADDED from src\main\AndroidManifest.xml:133:22-64
uses-permission#android.permission.SET_ACTIVITY_WATCHER
ADDED from src\main\AndroidManifest.xml:134:5-78
	android:name
		ADDED from src\main\AndroidManifest.xml:134:22-76
uses-permission#android.permission.SET_ALWAYS_FINISH
ADDED from src\main\AndroidManifest.xml:135:5-75
	android:name
		ADDED from src\main\AndroidManifest.xml:135:22-73
uses-permission#android.permission.SET_ANIMATION_SCALE
ADDED from src\main\AndroidManifest.xml:136:5-77
	android:name
		ADDED from src\main\AndroidManifest.xml:136:22-75
uses-permission#android.permission.SET_DEBUG_APP
ADDED from src\main\AndroidManifest.xml:137:5-71
	android:name
		ADDED from src\main\AndroidManifest.xml:137:22-69
uses-permission#android.permission.SET_ORIENTATION
ADDED from src\main\AndroidManifest.xml:138:5-73
	android:name
		ADDED from src\main\AndroidManifest.xml:138:22-71
uses-permission#android.permission.SET_POINTER_SPEED
ADDED from src\main\AndroidManifest.xml:139:5-75
	android:name
		ADDED from src\main\AndroidManifest.xml:139:22-73
uses-permission#android.permission.SET_PREFERRED_APPLICATIONS
ADDED from src\main\AndroidManifest.xml:140:5-84
	android:name
		ADDED from src\main\AndroidManifest.xml:140:22-82
uses-permission#android.permission.SET_PROCESS_LIMIT
ADDED from src\main\AndroidManifest.xml:141:5-75
	android:name
		ADDED from src\main\AndroidManifest.xml:141:22-73
uses-permission#android.permission.SET_TIME
ADDED from src\main\AndroidManifest.xml:142:5-66
	android:name
		ADDED from src\main\AndroidManifest.xml:142:22-64
uses-permission#android.permission.SET_TIME_ZONE
ADDED from src\main\AndroidManifest.xml:143:5-71
	android:name
		ADDED from src\main\AndroidManifest.xml:143:22-69
uses-permission#android.permission.SET_WALLPAPER
ADDED from src\main\AndroidManifest.xml:144:5-71
	android:name
		ADDED from src\main\AndroidManifest.xml:144:22-69
uses-permission#android.permission.SET_WALLPAPER_HINTS
ADDED from src\main\AndroidManifest.xml:145:5-77
	android:name
		ADDED from src\main\AndroidManifest.xml:145:22-75
uses-permission#android.permission.SIGNAL_PERSISTENT_PROCESSES
ADDED from src\main\AndroidManifest.xml:146:5-85
	android:name
		ADDED from src\main\AndroidManifest.xml:146:22-83
uses-permission#android.permission.STATUS_BAR
ADDED from src\main\AndroidManifest.xml:147:5-68
	android:name
		ADDED from src\main\AndroidManifest.xml:147:22-66
uses-permission#android.permission.SUBSCRIBED_FEEDS_READ
ADDED from src\main\AndroidManifest.xml:148:5-79
	android:name
		ADDED from src\main\AndroidManifest.xml:148:22-77
uses-permission#android.permission.SUBSCRIBED_FEEDS_WRITE
ADDED from src\main\AndroidManifest.xml:149:5-80
	android:name
		ADDED from src\main\AndroidManifest.xml:149:22-78
uses-permission#android.permission.SYSTEM_ALERT_WINDOW
ADDED from src\main\AndroidManifest.xml:150:5-77
	android:name
		ADDED from src\main\AndroidManifest.xml:150:22-75
uses-permission#android.permission.UPDATE_DEVICE_STATS
ADDED from src\main\AndroidManifest.xml:152:5-77
	android:name
		ADDED from src\main\AndroidManifest.xml:152:22-75
uses-permission#android.permission.USE_CREDENTIALS
ADDED from src\main\AndroidManifest.xml:153:5-73
	android:name
		ADDED from src\main\AndroidManifest.xml:153:22-71
uses-permission#android.permission.USE_SIP
ADDED from src\main\AndroidManifest.xml:154:5-65
	android:name
		ADDED from src\main\AndroidManifest.xml:154:22-63
uses-permission#android.permission.VIBRATE
ADDED from src\main\AndroidManifest.xml:156:5-65
	android:name
		ADDED from src\main\AndroidManifest.xml:156:22-63
uses-permission#android.permission.WAKE_LOCK
ADDED from src\main\AndroidManifest.xml:158:5-67
	android:name
		ADDED from src\main\AndroidManifest.xml:158:22-65
uses-permission#android.permission.WRITE_APN_SETTINGS
ADDED from src\main\AndroidManifest.xml:159:5-76
	android:name
		ADDED from src\main\AndroidManifest.xml:159:22-74
uses-permission#android.permission.WRITE_CALENDAR
ADDED from src\main\AndroidManifest.xml:160:5-72
	android:name
		ADDED from src\main\AndroidManifest.xml:160:22-70
uses-permission#android.permission.WRITE_CALL_LOG
ADDED from src\main\AndroidManifest.xml:161:5-72
	android:name
		ADDED from src\main\AndroidManifest.xml:161:22-70
uses-permission#android.permission.WRITE_CONTACTS
ADDED from src\main\AndroidManifest.xml:162:5-72
	android:name
		ADDED from src\main\AndroidManifest.xml:162:22-70
uses-permission#android.permission.WRITE_EXTERNAL_STORAGE
ADDED from src\main\AndroidManifest.xml:163:5-80
	android:name
		ADDED from src\main\AndroidManifest.xml:163:22-78
uses-permission#android.permission.WRITE_GSERVICES
ADDED from src\main\AndroidManifest.xml:164:5-73
	android:name
		ADDED from src\main\AndroidManifest.xml:164:22-71
uses-permission#android.permission.WRITE_OWNER_DATA
ADDED from src\main\AndroidManifest.xml:165:5-74
	android:name
		ADDED from src\main\AndroidManifest.xml:165:22-72
uses-permission#android.permission.WRITE_PROFILE
ADDED from src\main\AndroidManifest.xml:166:5-71
	android:name
		ADDED from src\main\AndroidManifest.xml:166:22-69
uses-permission#android.permission.WRITE_SECURE_SETTINGS
ADDED from src\main\AndroidManifest.xml:167:5-79
	android:name
		ADDED from src\main\AndroidManifest.xml:167:22-77
uses-permission#android.permission.WRITE_SETTINGS
ADDED from src\main\AndroidManifest.xml:168:5-72
	android:name
		ADDED from src\main\AndroidManifest.xml:168:22-70
uses-permission#android.permission.WRITE_SMS
ADDED from src\main\AndroidManifest.xml:169:5-67
	android:name
		ADDED from src\main\AndroidManifest.xml:169:22-65
uses-permission#android.permission.WRITE_SOCIAL_STREAM
ADDED from src\main\AndroidManifest.xml:170:5-77
	android:name
		ADDED from src\main\AndroidManifest.xml:170:22-75
uses-permission#android.permission.WRITE_SYNC_SETTINGS
ADDED from src\main\AndroidManifest.xml:171:5-77
	android:name
		ADDED from src\main\AndroidManifest.xml:171:22-75
uses-permission#android.permission.WRITE_USER_DICTIONARY
ADDED from src\main\AndroidManifest.xml:172:5-79
	android:name
		ADDED from src\main\AndroidManifest.xml:172:22-77
application
ADDED from src\main\AndroidManifest.xml:174:5-187:19
MERGED from [com.android.support:support-v4:20.0.0] AndroidManifest.xml:17:5-19
	android:label
		ADDED from src\main\AndroidManifest.xml:177:9-41
	android:allowBackup
		ADDED from src\main\AndroidManifest.xml:175:9-35
	android:icon
		ADDED from src\main\AndroidManifest.xml:176:9-43
	android:theme
		ADDED from src\main\AndroidManifest.xml:178:9-40
activity#com.vulab.dos.MainActivity
ADDED from src\main\AndroidManifest.xml:179:9-186:20
	android:label
		ADDED from src\main\AndroidManifest.xml:181:13-45
	android:name
		ADDED from src\main\AndroidManifest.xml:180:13-54
intent-filter#android.intent.action.MAIN+android.intent.category.LAUNCHER
ADDED from src\main\AndroidManifest.xml:182:13-185:29
action#android.intent.action.MAIN
ADDED from src\main\AndroidManifest.xml:183:17-69
	android:name
		ADDED from src\main\AndroidManifest.xml:183:25-66
category#android.intent.category.LAUNCHER
ADDED from src\main\AndroidManifest.xml:184:17-77
	android:name
		ADDED from src\main\AndroidManifest.xml:184:27-74